/home/lanyuqing/miniconda3/envs/py310/lib/python3.10/site-packages/hydra/_internal/defaults_list.py:251: UserWarning: In 'default': Defaults list is missing `_self_`. See https://hydra.cc/docs/1.2/upgrades/1.0_to_1.1/default_composition_order for more information
  warnings.warn(msg, UserWarning)
[W1022 21:43:58.729622187 Utils.hpp:135] Warning: Environment variable NCCL_ASYNC_ERROR_HANDLING is deprecated; use TORCH_NCCL_ASYNC_ERROR_HANDLING instead (function operator())
[W1022 21:43:58.729815046 CUDAAllocatorConfig.h:28] Warning: expandable_segments not supported on this platform (function operator())
INFO 2025-10-22 21:43:58,455 general.py: 221: GPU SEED: 4200
INFO 2025-10-22 21:43:58,463 trainer.py: 301: Setting up components: Model, Loss, Logger, etc.
INFO 2025-10-22 21:43:58,625 tb_writer.py:  45: TensorBoard SummaryWriter instantiated. Files will be stored in: logs/tensorboard
/home/lanyuqing/myproject/vggt/vggt/heads/cubify_head.py:347: UserWarning: Using torch.cross without specifying the dim arg is deprecated.
Please either pass the dim explicitly or simply use torch.linalg.cross.
The default value of dim will change to agree with that of linalg.cross in a future release. (Triggered internally at ../aten/src/ATen/native/Cross.cpp:62.)
  axis = torch.cross(u, world_up)
/home/lanyuqing/myproject/vggt/training/trainer.py:310: FutureWarning: `torch.cuda.amp.GradScaler(args...)` is deprecated. Please use `torch.amp.GradScaler('cuda', args...)` instead.
  self.scaler = torch.cuda.amp.GradScaler(enabled=self.optim_conf.amp.enabled)
INFO 2025-10-22 21:44:38,634 trainer.py: 314: [Start] Freezing modules: ['*aggregator*', '*box_head.backbone*'] on rank 0
INFO 2025-10-22 21:44:39,590 trainer.py: 322: [Done] Freezing modules: ['*aggregator*', '*box_head.backbone*'] on rank 0
============================================================
Model type : VGGT_Cubify
Total      : 1.5 B parameters
  trainable: 489 M
  frozen   : 995.6 M
============================================================
INFO 2025-10-22 21:45:04,286 trainer.py: 330: Model summary saved to logs/model.txt
INFO 2025-10-22 21:45:04,287 trainer.py: 332: Successfully initialized training components.
INFO 2025-10-22 21:45:09,439 ca1m.py:  79: CA1M_DIR is /data/lyq/ca1m/ca1m/train-CA-1M-slam
INFO 2025-10-22 21:45:09,442 ca1m.py: 118: Testing: CA1M Data size: 3
INFO 2025-10-22 21:45:09,442 ca1m.py: 119: Testing: CA1M Data dataset length: 10000
INFO 2025-10-22 21:45:09,486 ca1m.py:  79: CA1M_DIR is /data/lyq/ca1m/ca1m/train-CA-1M-slam
INFO 2025-10-22 21:45:09,488 ca1m.py: 118: Training: CA1M Data size: 3
INFO 2025-10-22 21:45:09,489 ca1m.py: 119: Training: CA1M Data dataset length: 100000
INFO 2025-10-22 21:45:18,215 trainer.py: 238: Resuming training from /data/lyq/vggt_model/model.pt (rank 0)
/home/lanyuqing/myproject/vggt/training/trainer.py:241: FutureWarning: You are using `torch.load` with `weights_only=False` (the current default value), which uses the default pickle module implicitly. It is possible to construct malicious pickle data which will execute arbitrary code during unpickling (See https://github.com/pytorch/pytorch/blob/main/SECURITY.md#untrusted-models for more details). In a future release, the default value for `weights_only` will be flipped to `True`. This limits the functions that could be executed during unpickling. Arbitrary objects will no longer be allowed to be loaded via this mode unless they are explicitly allowlisted by the user via `torch.serialization.add_safe_globals`. We recommend you start setting `weights_only=True` for any use case where you don't have full control of the loaded file. Please open an issue on GitHub for any issues related to this experimental feature.
  checkpoint = torch.load(f, map_location="cpu")
/home/lanyuqing/myproject/vggt/training/trainer.py:269: FutureWarning: You are using `torch.load` with `weights_only=False` (the current default value), which uses the default pickle module implicitly. It is possible to construct malicious pickle data which will execute arbitrary code during unpickling (See https://github.com/pytorch/pytorch/blob/main/SECURITY.md#untrusted-models for more details). In a future release, the default value for `weights_only` will be flipped to `True`. This limits the functions that could be executed during unpickling. Arbitrary objects will no longer be allowed to be loaded via this mode unless they are explicitly allowlisted by the user via `torch.serialization.add_safe_globals`. We recommend you start setting `weights_only=True` for any use case where you don't have full control of the loaded file. Please open an issue on GitHub for any issues related to this experimental feature.
  cubify_checkpoint = torch.load(cubify_path, map_location="cpu")["model"]
Loaded cubify model from /data/lyq/vggt_model/cutr_rgb.pth
[rank0]:[W1022 21:45:35.426744814 Utils.hpp:110] Warning: Environment variable NCCL_ASYNC_ERROR_HANDLING is deprecated; use TORCH_NCCL_ASYNC_ERROR_HANDLING instead (function operator())
INFO 2025-10-22 21:45:35,155 general.py: 221: GPU SEED: 4200
Building dynamic dataloader with epoch: 0
/home/lanyuqing/miniconda3/envs/py310/lib/python3.10/site-packages/torch/functional.py:534: UserWarning: torch.meshgrid: in an upcoming release, it will be required to pass the indexing argument. (Triggered internally at ../aten/src/ATen/native/TensorShape.cpp:3595.)
  return _VF.meshgrid(tensors, **kwargs)  # type: ignore[attr-defined]
/home/lanyuqing/miniconda3/envs/py310/lib/python3.10/site-packages/torch/autograd/graph.py:825: UserWarning: Grad strides do not match bucket view strides. This may indicate grad was not created according to the gradient layout contract, or that the param's strides changed since DDP was constructed.  This is not an error, but may impair performance.
grad.sizes() = [256, 768, 1, 1], strides() = [768, 1, 768, 768]
bucket_view.sizes() = [256, 768, 1, 1], strides() = [768, 1, 1, 1] (Triggered internally at ../torch/csrc/distributed/c10d/reducer.cpp:327.)
  return Variable._execution_engine.run_backward(  # Calls into the C++ engine to run the backward pass
INFO 2025-10-22 21:46:16,822 general.py: 117: Train Epoch: [0][      0/1000000] | Batch Time: 41.6429 (41.6429) | Data Time: 28.0149 (28.0149) | Mem (GB): 13.0000 (13.0000) | Time Elapsed: 00d 00h 02m | Loss/train_loss_objective: 1.7426 (1.7460) | Loss/train_loss_camera: 0.0458 (0.0455) | Loss/train_loss_T: 0.0107 (0.0140) | Loss/train_loss_R: 0.0017 (0.0025) | Loss/train_loss_FL: 0.0670 (0.0580) | Loss/train_loss_box: 6.0538 (6.0736) | Loss/train_loss_chamfer: 3.1023 (3.0734) | Loss/train_loss_class: 2.9514 (3.0002) | Grad/aggregator: 0.0000 (0.0000) | Grad/depth: 0.0000 (0.0000) | Grad/camera: 4.4884 (4.4884) | Grad/gravity: 4.7376 (4.7376) | Grad/box: 265.2005 (265.2005)
INFO 2025-10-22 21:46:28,260 general.py: 117: Train Epoch: [0][      1/1000000] | Batch Time: 11.4379 (26.5404) | Data Time: 0.1777 (14.0963) | Mem (GB): 17.0000 (15.0000) | Time Elapsed: 00d 00h 02m | Loss/train_loss_objective: 2.4507 (2.1601) | Loss/train_loss_camera: 0.0393 (0.0443) | Loss/train_loss_T: 0.0168 (0.0157) | Loss/train_loss_R: 0.0031 (0.0031) | Loss/train_loss_FL: 0.0386 (0.0509) | Loss/train_loss_box: 9.0173 (7.7543) | Loss/train_loss_chamfer: 4.6209 (3.9445) | Loss/train_loss_class: 4.3964 (3.8098) | Grad/aggregator: 0.0000 (0.0000) | Grad/depth: 0.0000 (0.0000) | Grad/camera: 5.6955 (5.0919) | Grad/gravity: 10.6267 (7.6822) | Grad/box: 294.0881 (279.6443)
INFO 2025-10-22 21:46:35,006 general.py: 117: Train Epoch: [0][      2/1000000] | Batch Time: 6.7458 (19.9422) | Data Time: 0.0384 (9.4103) | Mem (GB): 17.0000 (15.6667) | Time Elapsed: 00d 00h 02m | Loss/train_loss_objective: 0.9579 (1.9640) | Loss/train_loss_camera: 0.0477 (0.0450) | Loss/train_loss_T: 0.0174 (0.0156) | Loss/train_loss_R: 0.0042 (0.0032) | Loss/train_loss_FL: 0.0523 (0.0525) | Loss/train_loss_box: 2.8768 (6.9564) | Loss/train_loss_chamfer: 1.4301 (3.5396) | Loss/train_loss_class: 1.4467 (3.4168) | Grad/aggregator: 0.0000 (0.0000) | Grad/depth: 0.0000 (0.0000) | Grad/camera: 5.5965 (5.2601) | Grad/gravity: 2.5803 (5.9815) | Grad/box: 83.2243 (214.1710)
INFO 2025-10-22 21:46:45,644 general.py: 117: Train Epoch: [0][      3/1000000] | Batch Time: 10.6362 (17.6157) | Data Time: 0.0170 (7.0620) | Mem (GB): 17.0000 (16.0000) | Time Elapsed: 00d 00h 02m | Loss/train_loss_objective: 2.4137 (2.1258) | Loss/train_loss_camera: 0.0400 (0.0443) | Loss/train_loss_T: 0.0175 (0.0161) | Loss/train_loss_R: 0.0026 (0.0030) | Loss/train_loss_FL: 0.0400 (0.0503) | Loss/train_loss_box: 8.8542 (7.6175) | Loss/train_loss_chamfer: 4.5378 (3.9156) | Loss/train_loss_class: 4.3164 (3.7020) | Grad/aggregator: 0.0000 (0.0000) | Grad/depth: 0.0000 (0.0000) | Grad/camera: 6.0994 (5.4699) | Grad/gravity: 6.0986 (6.0108) | Grad/box: 257.7310 (225.0610)
INFO 2025-10-22 21:46:55,145 general.py: 117: Train Epoch: [0][      4/1000000] | Batch Time: 9.5029 (15.9931) | Data Time: 0.0399 (5.6576) | Mem (GB): 17.0000 (16.2000) | Time Elapsed: 00d 00h 02m | Loss/train_loss_objective: 2.4801 (2.2113) | Loss/train_loss_camera: 0.0470 (0.0450) | Loss/train_loss_T: 0.0161 (0.0163) | Loss/train_loss_R: 0.0031 (0.0031) | Loss/train_loss_FL: 0.0554 (0.0512) | Loss/train_loss_box: 8.9805 (7.9461) | Loss/train_loss_chamfer: 4.4485 (4.0577) | Loss/train_loss_class: 4.5321 (3.8884) | Grad/aggregator: 0.0000 (0.0000) | Grad/depth: 0.0000 (0.0000) | Grad/camera: 5.0319 (5.3823) | Grad/gravity: 9.4409 (6.6968) | Grad/box: 275.5725 (235.1633)
INFO 2025-10-22 21:47:01,390 general.py: 117: Train Epoch: [0][      5/1000000] | Batch Time: 6.2455 (14.3685) | Data Time: 0.0305 (4.7197) | Mem (GB): 17.0000 (16.3333) | Time Elapsed: 00d 00h 03m | Loss/train_loss_objective: 1.7726 (2.1467) | Loss/train_loss_camera: 0.0473 (0.0456) | Loss/train_loss_T: 0.0208 (0.0166) | Loss/train_loss_R: 0.0021 (0.0030) | Loss/train_loss_FL: 0.0488 (0.0519) | Loss/train_loss_box: 6.1451 (7.6753) | Loss/train_loss_chamfer: 3.2428 (3.9297) | Loss/train_loss_class: 2.9023 (3.7456) | Grad/aggregator: 0.0000 (0.0000) | Grad/depth: 0.0000 (0.0000) | Grad/camera: 5.1855 (5.3495) | Grad/gravity: 4.1665 (6.2751) | Grad/box: 172.7991 (224.7693)
INFO 2025-10-22 21:47:10,030 general.py: 117: Train Epoch: [0][      6/1000000] | Batch Time: 8.6381 (13.5499) | Data Time: 0.0237 (4.0489) | Mem (GB): 17.0000 (16.4286) | Time Elapsed: 00d 00h 03m | Loss/train_loss_objective: 2.5100 (2.1922) | Loss/train_loss_camera: 0.0473 (0.0457) | Loss/train_loss_T: 0.0196 (0.0168) | Loss/train_loss_R: 0.0035 (0.0031) | Loss/train_loss_FL: 0.0486 (0.0517) | Loss/train_loss_box: 9.0936 (7.8549) | Loss/train_loss_chamfer: 4.7404 (4.0176) | Loss/train_loss_class: 4.3532 (3.8373) | Grad/aggregator: 0.0000 (0.0000) | Grad/depth: 0.0000 (0.0000) | Grad/camera: 4.6488 (5.2494) | Grad/gravity: 8.4737 (6.5892) | Grad/box: 270.8916 (231.3582)
INFO 2025-10-22 21:47:17,215 general.py: 117: Train Epoch: [0][      7/1000000] | Batch Time: 7.1856 (12.7544) | Data Time: 0.0562 (3.5498) | Mem (GB): 17.0000 (16.5000) | Time Elapsed: 00d 00h 03m | Loss/train_loss_objective: 1.7361 (2.1401) | Loss/train_loss_camera: 0.0497 (0.0457) | Loss/train_loss_T: 0.0176 (0.0169) | Loss/train_loss_R: 0.0031 (0.0031) | Loss/train_loss_FL: 0.0579 (0.0515) | Loss/train_loss_box: 5.9510 (7.6453) | Loss/train_loss_chamfer: 3.1288 (3.9121) | Loss/train_loss_class: 2.8222 (3.7332) | Grad/aggregator: 0.0000 (0.0000) | Grad/depth: 0.0000 (0.0000) | Grad/camera: 4.9599 (5.2132) | Grad/gravity: 5.5361 (6.4576) | Grad/box: 172.2687 (223.9720)
INFO 2025-10-22 21:47:24,435 general.py: 117: Train Epoch: [0][      8/1000000] | Batch Time: 7.2197 (12.1394) | Data Time: 0.0667 (3.1628) | Mem (GB): 17.0000 (16.5556) | Time Elapsed: 00d 00h 03m | Loss/train_loss_objective: 1.6386 (2.0953) | Loss/train_loss_camera: 0.0458 (0.0458) | Loss/train_loss_T: 0.0221 (0.0169) | Loss/train_loss_R: 0.0037 (0.0031) | Loss/train_loss_FL: 0.0401 (0.0516) | Loss/train_loss_box: 5.6391 (7.4645) | Loss/train_loss_chamfer: 3.0129 (3.8151) | Loss/train_loss_class: 2.6261 (3.6494) | Grad/aggregator: 0.0000 (0.0000) | Grad/depth: 0.0000 (0.0000) | Grad/camera: 5.1189 (5.2027) | Grad/gravity: 6.4026 (6.4514) | Grad/box: 156.5442 (216.4800)
INFO 2025-10-22 21:47:31,777 general.py: 117: Train Epoch: [0][      9/1000000] | Batch Time: 7.3414 (11.6596) | Data Time: 0.0591 (2.8524) | Mem (GB): 17.0000 (16.6000) | Time Elapsed: 00d 00h 03m | Loss/train_loss_objective: 1.7030 (2.0602) | Loss/train_loss_camera: 0.0450 (0.0460) | Loss/train_loss_T: 0.0155 (0.0169) | Loss/train_loss_R: 0.0029 (0.0032) | Loss/train_loss_FL: 0.0534 (0.0519) | Loss/train_loss_box: 5.9115 (7.3214) | Loss/train_loss_chamfer: 3.0561 (3.7406) | Loss/train_loss_class: 2.8553 (3.5808) | Grad/aggregator: 0.0000 (0.0000) | Grad/depth: 0.0000 (0.0000) | Grad/camera: 5.2362 (5.2061) | Grad/gravity: 5.2908 (6.3354) | Grad/box: 174.0792 (212.2399)
INFO 2025-10-22 21:47:38,357 general.py: 117: Train Epoch: [0][     10/1000000] | Batch Time: 6.5798 (11.1978) | Data Time: 0.0450 (2.5972) | Mem (GB): 17.0000 (16.6364) | Time Elapsed: 00d 00h 03m | Loss/train_loss_objective: 1.6300 (2.0268) | Loss/train_loss_camera: 0.0479 (0.0461) | Loss/train_loss_T: 0.0145 (0.0168) | Loss/train_loss_R: 0.0042 (0.0032) | Loss/train_loss_FL: 0.0583 (0.0523) | Loss/train_loss_box: 5.5614 (7.1855) | Loss/train_loss_chamfer: 2.8437 (3.6676) | Loss/train_loss_class: 2.7177 (3.5179) | Grad/aggregator: 0.0000 (0.0000) | Grad/depth: 0.0000 (0.0000) | Grad/camera: 4.3706 (5.1301) | Grad/gravity: 6.4792 (6.3485) | Grad/box: 154.0569 (206.9505)
INFO 2025-10-22 21:47:46,112 general.py: 117: Train Epoch: [0][     11/1000000] | Batch Time: 7.7574 (10.9111) | Data Time: 0.0368 (2.3838) | Mem (GB): 17.0000 (16.6667) | Time Elapsed: 00d 00h 03m | Loss/train_loss_objective: 2.3600 (2.0595) | Loss/train_loss_camera: 0.0477 (0.0461) | Loss/train_loss_T: 0.0166 (0.0169) | Loss/train_loss_R: 0.0030 (0.0032) | Loss/train_loss_FL: 0.0562 (0.0522) | Loss/train_loss_box: 8.4853 (7.3155) | Loss/train_loss_chamfer: 4.1831 (3.7183) | Loss/train_loss_class: 4.3022 (3.5971) | Grad/aggregator: 0.0000 (0.0000) | Grad/depth: 0.0000 (0.0000) | Grad/camera: 4.8246 (5.1047) | Grad/gravity: 8.4801 (6.5261) | Grad/box: 314.7419 (215.9332)
INFO 2025-10-22 21:47:53,362 general.py: 117: Train Epoch: [0][     12/1000000] | Batch Time: 7.2495 (10.6294) | Data Time: 0.0300 (2.2028) | Mem (GB): 17.0000 (16.6923) | Time Elapsed: 00d 00h 03m | Loss/train_loss_objective: 2.3283 (2.0847) | Loss/train_loss_camera: 0.0491 (0.0461) | Loss/train_loss_T: 0.0153 (0.0169) | Loss/train_loss_R: 0.0034 (0.0032) | Loss/train_loss_FL: 0.0608 (0.0522) | Loss/train_loss_box: 8.3318 (7.4164) | Loss/train_loss_chamfer: 4.1849 (3.7589) | Loss/train_loss_class: 4.1469 (3.6576) | Grad/aggregator: 0.0000 (0.0000) | Grad/depth: 0.0000 (0.0000) | Grad/camera: 5.4141 (5.1285) | Grad/gravity: 8.3944 (6.6698) | Grad/box: 255.8170 (219.0011)
INFO 2025-10-22 21:47:58,492 general.py: 117: Train Epoch: [0][     13/1000000] | Batch Time: 5.1303 (10.2366) | Data Time: 0.0289 (2.0475) | Mem (GB): 17.0000 (16.7143) | Time Elapsed: 00d 00h 04m | Loss/train_loss_objective: 0.8586 (2.0479) | Loss/train_loss_camera: 0.0451 (0.0461) | Loss/train_loss_T: 0.0216 (0.0169) | Loss/train_loss_R: 0.0036 (0.0032) | Loss/train_loss_FL: 0.0398 (0.0521) | Loss/train_loss_box: 2.5322 (7.2692) | Loss/train_loss_chamfer: 1.2419 (3.6839) | Loss/train_loss_class: 1.2903 (3.5854) | Grad/aggregator: 0.0000 (0.0000) | Grad/depth: 0.0000 (0.0000) | Grad/camera: 3.9251 (5.0425) | Grad/gravity: 1.6773 (6.3132) | Grad/box: 76.7135 (208.8377)
INFO 2025-10-22 21:48:03,709 general.py: 117: Train Epoch: [0][     14/1000000] | Batch Time: 5.2167 (9.9020) | Data Time: 0.0164 (1.9121) | Mem (GB): 17.0000 (16.7333) | Time Elapsed: 00d 00h 04m | Loss/train_loss_objective: 0.9393 (2.0133) | Loss/train_loss_camera: 0.0519 (0.0462) | Loss/train_loss_T: 0.0155 (0.0169) | Loss/train_loss_R: 0.0028 (0.0031) | Loss/train_loss_FL: 0.0670 (0.0523) | Loss/train_loss_box: 2.7202 (7.1299) | Loss/train_loss_chamfer: 1.2567 (3.6118) | Loss/train_loss_class: 1.4636 (3.5181) | Grad/aggregator: 0.0000 (0.0000) | Grad/depth: 0.0000 (0.0000) | Grad/camera: 4.3564 (4.9968) | Grad/gravity: 1.8614 (6.0164) | Grad/box: 92.2846 (201.0675)
INFO 2025-10-22 21:48:09,506 general.py: 117: Train Epoch: [0][     15/1000000] | Batch Time: 5.7973 (9.6454) | Data Time: 0.0192 (1.7938) | Mem (GB): 17.0000 (16.7500) | Time Elapsed: 00d 00h 04m | Loss/train_loss_objective: 0.8753 (1.9801) | Loss/train_loss_camera: 0.0437 (0.0462) | Loss/train_loss_T: 0.0182 (0.0169) | Loss/train_loss_R: 0.0042 (0.0031) | Loss/train_loss_FL: 0.0428 (0.0524) | Loss/train_loss_box: 2.6268 (6.9957) | Loss/train_loss_chamfer: 1.3310 (3.5435) | Loss/train_loss_class: 1.2958 (3.4522) | Grad/aggregator: 0.0000 (0.0000) | Grad/depth: 0.0000 (0.0000) | Grad/camera: 4.8859 (4.9898) | Grad/gravity: 1.8822 (5.7580) | Grad/box: 73.5005 (193.0946)
INFO 2025-10-22 21:48:16,157 general.py: 117: Train Epoch: [0][     16/1000000] | Batch Time: 6.6497 (9.4692) | Data Time: 0.0270 (1.6898) | Mem (GB): 17.0000 (16.7647) | Time Elapsed: 00d 00h 04m | Loss/train_loss_objective: 1.5231 (1.9551) | Loss/train_loss_camera: 0.0413 (0.0461) | Loss/train_loss_T: 0.0142 (0.0169) | Loss/train_loss_R: 0.0020 (0.0031) | Loss/train_loss_FL: 0.0502 (0.0521) | Loss/train_loss_box: 5.2666 (6.8977) | Loss/train_loss_chamfer: 2.4724 (3.4874) | Loss/train_loss_class: 2.7942 (3.4103) | Grad/aggregator: 0.0000 (0.0000) | Grad/depth: 0.0000 (0.0000) | Grad/camera: 4.2850 (4.9484) | Grad/gravity: 4.9350 (5.7096) | Grad/box: 151.0714 (190.6226)
INFO 2025-10-22 21:48:21,423 general.py: 117: Train Epoch: [0][     17/1000000] | Batch Time: 5.2656 (9.2357) | Data Time: 0.0454 (1.5985) | Mem (GB): 17.0000 (16.7778) | Time Elapsed: 00d 00h 04m | Loss/train_loss_objective: 0.8633 (1.9254) | Loss/train_loss_camera: 0.0474 (0.0462) | Loss/train_loss_T: 0.0118 (0.0169) | Loss/train_loss_R: 0.0016 (0.0031) | Loss/train_loss_FL: 0.0679 (0.0523) | Loss/train_loss_box: 2.5050 (6.7783) | Loss/train_loss_chamfer: 1.2384 (3.4258) | Loss/train_loss_class: 1.2666 (3.3525) | Grad/aggregator: 0.0000 (0.0000) | Grad/depth: 0.0000 (0.0000) | Grad/camera: 5.1138 (4.9576) | Grad/gravity: 2.5994 (5.5368) | Grad/box: 74.3131 (184.1610)
INFO 2025-10-22 21:48:28,464 general.py: 117: Train Epoch: [0][     18/1000000] | Batch Time: 7.0415 (9.1202) | Data Time: 0.0320 (1.5160) | Mem (GB): 17.0000 (16.7895) | Time Elapsed: 00d 00h 04m | Loss/train_loss_objective: 1.4584 (1.9017) | Loss/train_loss_camera: 0.0481 (0.0461) | Loss/train_loss_T: 0.0188 (0.0169) | Loss/train_loss_R: 0.0037 (0.0031) | Loss/train_loss_FL: 0.0514 (0.0520) | Loss/train_loss_box: 4.8710 (6.6856) | Loss/train_loss_chamfer: 2.3226 (3.3722) | Loss/train_loss_class: 2.5485 (3.3135) | Grad/aggregator: 0.0000 (0.0000) | Grad/depth: 0.0000 (0.0000) | Grad/camera: 4.8295 (4.9508) | Grad/gravity: 3.9604 (5.4539) | Grad/box: 137.5671 (181.7087)
INFO 2025-10-22 21:48:37,810 general.py: 117: Train Epoch: [0][     19/1000000] | Batch Time: 9.3462 (9.1315) | Data Time: 0.0345 (1.4420) | Mem (GB): 17.0000 (16.8000) | Time Elapsed: 00d 00h 04m | Loss/train_loss_objective: 2.1326 (1.9145) | Loss/train_loss_camera: 0.0501 (0.0463) | Loss/train_loss_T: 0.0201 (0.0170) | Loss/train_loss_R: 0.0032 (0.0032) | Loss/train_loss_FL: 0.0536 (0.0524) | Loss/train_loss_box: 7.5287 (6.7319) | Loss/train_loss_chamfer: 3.7084 (3.3841) | Loss/train_loss_class: 3.8203 (3.3478) | Grad/aggregator: 0.0000 (0.0000) | Grad/depth: 0.0000 (0.0000) | Grad/camera: 5.1614 (4.9614) | Grad/gravity: 7.5281 (5.5576) | Grad/box: 190.4587 (182.1462)
INFO 2025-10-22 21:48:43,813 general.py: 117: Train Epoch: [0][     20/1000000] | Batch Time: 6.0044 (8.9826) | Data Time: 0.0308 (1.3748) | Mem (GB): 17.0000 (16.8095) | Time Elapsed: 00d 00h 04m | Loss/train_loss_objective: 1.4612 (1.8940) | Loss/train_loss_camera: 0.0465 (0.0464) | Loss/train_loss_T: 0.0146 (0.0169) | Loss/train_loss_R: 0.0025 (0.0032) | Loss/train_loss_FL: 0.0587 (0.0525) | Loss/train_loss_box: 4.9150 (6.6490) | Loss/train_loss_chamfer: 2.2934 (3.3338) | Loss/train_loss_class: 2.6216 (3.3152) | Grad/aggregator: 0.0000 (0.0000) | Grad/depth: 0.0000 (0.0000) | Grad/camera: 4.9488 (4.9608) | Grad/gravity: 3.8720 (5.4773) | Grad/box: 127.7845 (179.5575)
INFO 2025-10-22 21:48:51,595 general.py: 117: Train Epoch: [0][     21/1000000] | Batch Time: 7.7790 (8.9279) | Data Time: 0.0609 (1.3150) | Mem (GB): 17.0000 (16.8182) | Time Elapsed: 00d 00h 04m | Loss/train_loss_objective: 2.0111 (1.8992) | Loss/train_loss_camera: 0.0461 (0.0463) | Loss/train_loss_T: 0.0119 (0.0170) | Loss/train_loss_R: 0.0017 (0.0031) | Loss/train_loss_FL: 0.0650 (0.0523) | Loss/train_loss_box: 7.1233 (6.6711) | Loss/train_loss_chamfer: 3.3473 (3.3324) | Loss/train_loss_class: 3.7760 (3.3387) | Grad/aggregator: 0.0000 (0.0000) | Grad/depth: 0.0000 (0.0000) | Grad/camera: 4.7830 (4.9527) | Grad/gravity: 6.4103 (5.5197) | Grad/box: 171.7183 (179.2012)
INFO 2025-10-22 21:48:58,052 general.py: 117: Train Epoch: [0][     22/1000000] | Batch Time: 6.4589 (8.8205) | Data Time: 0.0528 (1.2602) | Mem (GB): 17.0000 (16.8261) | Time Elapsed: 00d 00h 04m | Loss/train_loss_objective: 1.4261 (1.8775) | Loss/train_loss_camera: 0.0467 (0.0462) | Loss/train_loss_T: 0.0168 (0.0170) | Loss/train_loss_R: 0.0023 (0.0031) | Loss/train_loss_FL: 0.0552 (0.0521) | Loss/train_loss_box: 4.7707 (6.5857) | Loss/train_loss_chamfer: 2.2296 (3.2821) | Loss/train_loss_class: 2.5411 (3.3037) | Grad/aggregator: 0.0000 (0.0000) | Grad/depth: 0.0000 (0.0000) | Grad/camera: 4.5632 (4.9357) | Grad/gravity: 3.2804 (5.4224) | Grad/box: 112.1076 (176.2841)
INFO 2025-10-22 21:49:03,804 general.py: 117: Train Epoch: [0][     23/1000000] | Batch Time: 5.7528 (8.6927) | Data Time: 0.0241 (1.2087) | Mem (GB): 17.0000 (16.8333) | Time Elapsed: 00d 00h 05m | Loss/train_loss_objective: 0.8178 (1.8557) | Loss/train_loss_camera: 0.0444 (0.0462) | Loss/train_loss_T: 0.0079 (0.0170) | Loss/train_loss_R: 0.0017 (0.0031) | Loss/train_loss_FL: 0.0696 (0.0522) | Loss/train_loss_box: 2.3833 (6.4993) | Loss/train_loss_chamfer: 1.0765 (3.2374) | Loss/train_loss_class: 1.3068 (3.2619) | Grad/aggregator: 0.0000 (0.0000) | Grad/depth: 0.0000 (0.0000) | Grad/camera: 5.6688 (4.9663) | Grad/gravity: 2.5701 (5.3035) | Grad/box: 51.6715 (171.0919)
INFO 2025-10-22 21:49:09,623 general.py: 117: Train Epoch: [0][     24/1000000] | Batch Time: 5.8189 (8.5778) | Data Time: 0.0210 (1.1612) | Mem (GB): 17.0000 (16.8400) | Time Elapsed: 00d 00h 05m | Loss/train_loss_objective: 0.7721 (1.8342) | Loss/train_loss_camera: 0.0437 (0.0461) | Loss/train_loss_T: 0.0080 (0.0170) | Loss/train_loss_R: 0.0015 (0.0031) | Loss/train_loss_FL: 0.0685 (0.0521) | Loss/train_loss_box: 2.2139 (6.4145) | Loss/train_loss_chamfer: 1.0029 (3.1926) | Loss/train_loss_class: 1.2110 (3.2219) | Grad/aggregator: 0.0000 (0.0000) | Grad/depth: 0.0000 (0.0000) | Grad/camera: 4.9252 (4.9646) | Grad/gravity: 1.1429 (5.1371) | Grad/box: 48.9000 (166.2042)
INFO 2025-10-22 21:49:15,327 general.py: 117: Train Epoch: [0][     25/1000000] | Batch Time: 5.7029 (8.4672) | Data Time: 0.0212 (1.1173) | Mem (GB): 17.0000 (16.8462) | Time Elapsed: 00d 00h 05m | Loss/train_loss_objective: 0.6447 (1.8134) | Loss/train_loss_camera: 0.0170 (0.0460) | Loss/train_loss_T: 0.0086 (0.0169) | Loss/train_loss_R: 0.0019 (0.0031) | Loss/train_loss_FL: 0.0130 (0.0520) | Loss/train_loss_box: 2.2394 (6.3332) | Loss/train_loss_chamfer: 1.0264 (3.1501) | Loss/train_loss_class: 1.2130 (3.1832) | Grad/aggregator: 0.0000 (0.0000) | Grad/depth: 0.0000 (0.0000) | Grad/camera: 6.0027 (5.0046) | Grad/gravity: 1.0804 (4.9811) | Grad/box: 49.8042 (161.7273)
INFO 2025-10-22 21:49:22,487 general.py: 117: Train Epoch: [0][     26/1000000] | Batch Time: 7.1607 (8.4188) | Data Time: 0.0611 (1.0782) | Mem (GB): 17.0000 (16.8519) | Time Elapsed: 00d 00h 05m | Loss/train_loss_objective: 1.3159 (1.7937) | Loss/train_loss_camera: 0.0510 (0.0461) | Loss/train_loss_T: 0.0160 (0.0169) | Loss/train_loss_R: 0.0035 (0.0031) | Loss/train_loss_FL: 0.0630 (0.0521) | Loss/train_loss_box: 4.2426 (6.2534) | Loss/train_loss_chamfer: 1.8332 (3.1018) | Loss/train_loss_class: 2.4094 (3.1516) | Grad/aggregator: 0.0000 (0.0000) | Grad/depth: 0.0000 (0.0000) | Grad/camera: 6.5417 (5.0615) | Grad/gravity: 1.7544 (4.8616) | Grad/box: 82.5779 (158.7958)
INFO 2025-10-22 21:49:30,815 general.py: 117: Train Epoch: [0][     27/1000000] | Batch Time: 8.3277 (8.4155) | Data Time: 0.0314 (1.0408) | Mem (GB): 17.0000 (16.8571) | Time Elapsed: 00d 00h 05m | Loss/train_loss_objective: 1.7513 (1.7926) | Loss/train_loss_camera: 0.0476 (0.0460) | Loss/train_loss_T: 0.0205 (0.0168) | Loss/train_loss_R: 0.0033 (0.0031) | Loss/train_loss_FL: 0.0475 (0.0522) | Loss/train_loss_box: 6.0536 (6.2504) | Loss/train_loss_chamfer: 2.5900 (3.0810) | Loss/train_loss_class: 3.4635 (3.1693) | Grad/aggregator: 0.0000 (0.0000) | Grad/depth: 0.0000 (0.0000) | Grad/camera: 4.6067 (5.0453) | Grad/gravity: 1.6728 (4.7477) | Grad/box: 115.0393 (157.2331)
INFO 2025-10-22 21:49:36,927 general.py: 117: Train Epoch: [0][     28/1000000] | Batch Time: 6.1124 (8.3361) | Data Time: 0.0355 (1.0061) | Mem (GB): 17.0000 (16.8621) | Time Elapsed: 00d 00h 05m | Loss/train_loss_objective: 1.1659 (1.7731) | Loss/train_loss_camera: 0.0393 (0.0459) | Loss/train_loss_T: 0.0160 (0.0169) | Loss/train_loss_R: 0.0029 (0.0031) | Loss/train_loss_FL: 0.0408 (0.0520) | Loss/train_loss_box: 3.8778 (6.1737) | Loss/train_loss_chamfer: 1.6293 (3.0346) | Loss/train_loss_class: 2.2486 (3.1391) | Grad/aggregator: 0.0000 (0.0000) | Grad/depth: 0.0000 (0.0000) | Grad/camera: 5.3159 (5.0546) | Grad/gravity: 0.6080 (4.6049) | Grad/box: 69.3320 (154.2020)
INFO 2025-10-22 21:49:43,922 general.py: 117: Train Epoch: [0][     29/1000000] | Batch Time: 6.9946 (8.2914) | Data Time: 0.0513 (0.9743) | Mem (GB): 17.0000 (16.8667) | Time Elapsed: 00d 00h 05m | Loss/train_loss_objective: 1.2271 (1.7549) | Loss/train_loss_camera: 0.0481 (0.0460) | Loss/train_loss_T: 0.0197 (0.0168) | Loss/train_loss_R: 0.0025 (0.0030) | Loss/train_loss_FL: 0.0519 (0.0523) | Loss/train_loss_box: 3.9469 (6.0991) | Loss/train_loss_chamfer: 1.7520 (2.9903) | Loss/train_loss_class: 2.1949 (3.1089) | Grad/aggregator: 0.0000 (0.0000) | Grad/depth: 0.0000 (0.0000) | Grad/camera: 5.0574 (5.0547) | Grad/gravity: 0.5978 (4.4713) | Grad/box: 74.8433 (151.5567)
INFO 2025-10-22 21:49:49,900 general.py: 117: Train Epoch: [0][     30/1000000] | Batch Time: 5.9785 (8.2168) | Data Time: 0.0248 (0.9437) | Mem (GB): 17.0000 (16.8710) | Time Elapsed: 00d 00h 05m | Loss/train_loss_objective: 1.1110 (1.7364) | Loss/train_loss_camera: 0.0339 (0.0459) | Loss/train_loss_T: 0.0170 (0.0168) | Loss/train_loss_R: 0.0041 (0.0030) | Loss/train_loss_FL: 0.0254 (0.0520) | Loss/train_loss_box: 3.7665 (6.0283) | Loss/train_loss_chamfer: 1.6299 (2.9462) | Loss/train_loss_class: 2.1366 (3.0822) | Grad/aggregator: 0.0000 (0.0000) | Grad/depth: 0.0000 (0.0000) | Grad/camera: 4.9894 (5.0526) | Grad/gravity: 1.6553 (4.3805) | Grad/box: 65.9937 (148.7966)
INFO 2025-10-22 21:49:56,008 general.py: 117: Train Epoch: [0][     31/1000000] | Batch Time: 6.1076 (8.1509) | Data Time: 0.0235 (0.9149) | Mem (GB): 17.0000 (16.8750) | Time Elapsed: 00d 00h 05m | Loss/train_loss_objective: 1.2238 (1.7195) | Loss/train_loss_camera: 0.0501 (0.0458) | Loss/train_loss_T: 0.0154 (0.0168) | Loss/train_loss_R: 0.0039 (0.0031) | Loss/train_loss_FL: 0.0616 (0.0520) | Loss/train_loss_box: 3.8932 (5.9615) | Loss/train_loss_chamfer: 1.6030 (2.9052) | Loss/train_loss_class: 2.2902 (3.0563) | Grad/aggregator: 0.0000 (0.0000) | Grad/depth: 0.0000 (0.0000) | Grad/camera: 5.2186 (5.0578) | Grad/gravity: 1.6806 (4.2961) | Grad/box: 62.3521 (146.0953)
INFO 2025-10-22 21:50:03,947 general.py: 117: Train Epoch: [0][     32/1000000] | Batch Time: 7.9391 (8.1445) | Data Time: 0.0408 (0.8884) | Mem (GB): 17.0000 (16.8788) | Time Elapsed: 00d 00h 06m | Loss/train_loss_objective: 1.6360 (1.7167) | Loss/train_loss_camera: 0.0403 (0.0459) | Loss/train_loss_T: 0.0149 (0.0168) | Loss/train_loss_R: 0.0028 (0.0031) | Loss/train_loss_FL: 0.0450 (0.0520) | Loss/train_loss_box: 5.7385 (5.9497) | Loss/train_loss_chamfer: 2.2521 (2.8795) | Loss/train_loss_class: 3.4865 (3.0702) | Grad/aggregator: 0.0000 (0.0000) | Grad/depth: 0.0000 (0.0000) | Grad/camera: 5.4346 (5.0692) | Grad/gravity: 1.9270 (4.2243) | Grad/box: 79.2802 (144.0706)
INFO 2025-10-22 21:50:10,126 general.py: 117: Train Epoch: [0][     33/1000000] | Batch Time: 6.1792 (8.0867) | Data Time: 0.0305 (0.8632) | Mem (GB): 17.0000 (16.8824) | Time Elapsed: 00d 00h 06m | Loss/train_loss_objective: 1.1862 (1.7012) | Loss/train_loss_camera: 0.0460 (0.0459) | Loss/train_loss_T: 0.0161 (0.0169) | Loss/train_loss_R: 0.0023 (0.0031) | Loss/train_loss_FL: 0.0552 (0.0520) | Loss/train_loss_box: 3.8249 (5.8866) | Loss/train_loss_chamfer: 1.4929 (2.8405) | Loss/train_loss_class: 2.3319 (3.0461) | Grad/aggregator: 0.0000 (0.0000) | Grad/depth: 0.0000 (0.0000) | Grad/camera: 5.3296 (5.0768) | Grad/gravity: 1.4685 (4.1433) | Grad/box: 44.6056 (141.1451)
INFO 2025-10-22 21:50:17,206 general.py: 117: Train Epoch: [0][     34/1000000] | Batch Time: 7.0794 (8.0579) | Data Time: 0.0244 (0.8392) | Mem (GB): 17.0000 (16.8857) | Time Elapsed: 00d 00h 06m | Loss/train_loss_objective: 1.1241 (1.6851) | Loss/train_loss_camera: 0.0445 (0.0459) | Loss/train_loss_T: 0.0180 (0.0168) | Loss/train_loss_R: 0.0026 (0.0030) | Loss/train_loss_FL: 0.0478 (0.0520) | Loss/train_loss_box: 3.6055 (5.8229) | Loss/train_loss_chamfer: 1.5135 (2.8033) | Loss/train_loss_class: 2.0921 (3.0196) | Grad/aggregator: 0.0000 (0.0000) | Grad/depth: 0.0000 (0.0000) | Grad/camera: 5.3175 (5.0837) | Grad/gravity: 0.5434 (4.0404) | Grad/box: 50.4827 (138.5548)
INFO 2025-10-22 21:50:22,893 general.py: 117: Train Epoch: [0][     35/1000000] | Batch Time: 5.6872 (7.9920) | Data Time: 0.0234 (0.8166) | Mem (GB): 17.0000 (16.8889) | Time Elapsed: 00d 00h 06m | Loss/train_loss_objective: 0.6412 (1.6710) | Loss/train_loss_camera: 0.0392 (0.0458) | Loss/train_loss_T: 0.0218 (0.0168) | Loss/train_loss_R: 0.0033 (0.0030) | Loss/train_loss_FL: 0.0282 (0.0519) | Loss/train_loss_box: 1.7809 (5.7674) | Loss/train_loss_chamfer: 0.7592 (2.7750) | Loss/train_loss_class: 1.0217 (2.9923) | Grad/aggregator: 0.0000 (0.0000) | Grad/depth: 0.0000 (0.0000) | Grad/camera: 4.7595 (5.0747) | Grad/gravity: 0.3826 (3.9388) | Grad/box: 22.6745 (135.3359)
INFO 2025-10-22 21:50:29,512 general.py: 117: Train Epoch: [0][     36/1000000] | Batch Time: 6.6190 (7.9549) | Data Time: 0.0205 (0.7951) | Mem (GB): 17.0000 (16.8919) | Time Elapsed: 00d 00h 06m | Loss/train_loss_objective: 1.1135 (1.6551) | Loss/train_loss_camera: 0.0451 (0.0456) | Loss/train_loss_T: 0.0126 (0.0168) | Loss/train_loss_R: 0.0028 (0.0030) | Loss/train_loss_FL: 0.0596 (0.0517) | Loss/train_loss_box: 3.5509 (5.7076) | Loss/train_loss_chamfer: 1.4596 (2.7389) | Loss/train_loss_class: 2.0913 (2.9688) | Grad/aggregator: 0.0000 (0.0000) | Grad/depth: 0.0000 (0.0000) | Grad/camera: 5.8148 (5.0947) | Grad/gravity: 0.7245 (3.8520) | Grad/box: 70.8101 (133.5919)
INFO 2025-10-22 21:50:37,863 general.py: 117: Train Epoch: [0][     37/1000000] | Batch Time: 8.3491 (7.9653) | Data Time: 0.1241 (0.7774) | Mem (GB): 17.0000 (16.8947) | Time Elapsed: 00d 00h 06m | Loss/train_loss_objective: 1.5003 (1.6509) | Loss/train_loss_camera: 0.0405 (0.0457) | Loss/train_loss_T: 0.0158 (0.0169) | Loss/train_loss_R: 0.0021 (0.0030) | Loss/train_loss_FL: 0.0452 (0.0516) | Loss/train_loss_box: 5.1907 (5.6900) | Loss/train_loss_chamfer: 2.1068 (2.7136) | Loss/train_loss_class: 3.0839 (2.9764) | Grad/aggregator: 0.0000 (0.0000) | Grad/depth: 0.0000 (0.0000) | Grad/camera: 5.4264 (5.1034) | Grad/gravity: 0.9951 (3.7768) | Grad/box: 54.7430 (131.5170)
INFO 2025-10-22 21:50:44,078 general.py: 117: Train Epoch: [0][     38/1000000] | Batch Time: 6.2167 (7.9205) | Data Time: 0.0630 (0.7591) | Mem (GB): 17.0000 (16.8974) | Time Elapsed: 00d 00h 06m | Loss/train_loss_objective: 1.0652 (1.6366) | Loss/train_loss_camera: 0.0455 (0.0456) | Loss/train_loss_T: 0.0138 (0.0168) | Loss/train_loss_R: 0.0037 (0.0030) | Loss/train_loss_FL: 0.0559 (0.0515) | Loss/train_loss_box: 3.3513 (5.6337) | Loss/train_loss_chamfer: 1.3885 (2.6804) | Loss/train_loss_class: 1.9628 (2.9533) | Grad/aggregator: 0.0000 (0.0000) | Grad/depth: 0.0000 (0.0000) | Grad/camera: 5.7350 (5.1196) | Grad/gravity: 0.5990 (3.6953) | Grad/box: 35.6529 (129.0589)
INFO 2025-10-22 21:50:48,972 general.py: 117: Train Epoch: [0][     39/1000000] | Batch Time: 4.8940 (7.8448) | Data Time: 0.0237 (0.7407) | Mem (GB): 17.0000 (16.9000) | Time Elapsed: 00d 00h 06m | Loss/train_loss_objective: 0.6562 (1.6244) | Loss/train_loss_camera: 0.0463 (0.0456) | Loss/train_loss_T: 0.0252 (0.0168) | Loss/train_loss_R: 0.0033 (0.0030) | Loss/train_loss_FL: 0.0355 (0.0516) | Loss/train_loss_box: 1.6996 (5.5850) | Loss/train_loss_chamfer: 0.6497 (2.6557) | Loss/train_loss_class: 1.0499 (2.9293) | Grad/aggregator: 0.0000 (0.0000) | Grad/depth: 0.0000 (0.0000) | Grad/camera: 5.4724 (5.1285) | Grad/gravity: 0.4263 (3.6136) | Grad/box: 50.5661 (127.0966)
W1022 21:50:54.847000 16074 site-packages/torch/distributed/elastic/agent/server/api.py:704] Received Signals.SIGINT death signal, shutting down workers
W1022 21:50:54.852000 16074 site-packages/torch/distributed/elastic/multiprocessing/api.py:897] Sending process 16131 closing signal SIGINT
[rank0]: Traceback (most recent call last):
[rank0]:   File "/home/lanyuqing/myproject/vggt/training/launch.py", line 31, in <module>
[rank0]:     main()
[rank0]:   File "/home/lanyuqing/myproject/vggt/training/launch.py", line 27, in main
[rank0]:     trainer.run()
[rank0]:   File "/home/lanyuqing/myproject/vggt/training/trainer.py", line 431, in run
[rank0]:     self.run_train()
[rank0]:   File "/home/lanyuqing/myproject/vggt/training/trainer.py", line 450, in run_train
[rank0]:     self.train_epoch(dataloader)
[rank0]:   File "/home/lanyuqing/myproject/vggt/training/trainer.py", line 667, in train_epoch
[rank0]:     self._run_steps_on_batch_chunks(
[rank0]:   File "/home/lanyuqing/myproject/vggt/training/trainer.py", line 796, in _run_steps_on_batch_chunks
[rank0]:     loss_dict = self._step(
[rank0]:   File "/home/lanyuqing/myproject/vggt/training/trainer.py", line 913, in _step
[rank0]:     y_hat = model(images=batch["images"])
[rank0]:   File "/home/lanyuqing/miniconda3/envs/py310/lib/python3.10/site-packages/torch/nn/modules/module.py", line 1736, in _wrapped_call_impl
[rank0]:     return self._call_impl(*args, **kwargs)
[rank0]:   File "/home/lanyuqing/miniconda3/envs/py310/lib/python3.10/site-packages/torch/nn/modules/module.py", line 1747, in _call_impl
[rank0]:     return forward_call(*args, **kwargs)
[rank0]:   File "/home/lanyuqing/miniconda3/envs/py310/lib/python3.10/site-packages/torch/nn/parallel/distributed.py", line 1643, in forward
[rank0]:     else self._run_ddp_forward(*inputs, **kwargs)
[rank0]:   File "/home/lanyuqing/miniconda3/envs/py310/lib/python3.10/site-packages/torch/nn/parallel/distributed.py", line 1459, in _run_ddp_forward
[rank0]:     return self.module(*inputs, **kwargs)  # type: ignore[index]
[rank0]:   File "/home/lanyuqing/miniconda3/envs/py310/lib/python3.10/site-packages/torch/nn/modules/module.py", line 1736, in _wrapped_call_impl
[rank0]:     return self._call_impl(*args, **kwargs)
[rank0]:   File "/home/lanyuqing/miniconda3/envs/py310/lib/python3.10/site-packages/torch/nn/modules/module.py", line 1747, in _call_impl
[rank0]:     return forward_call(*args, **kwargs)
[rank0]:   File "/home/lanyuqing/myproject/vggt/vggt/models/vggt.py", line 224, in forward
[rank0]:     box_result = self.box_head(
[rank0]:   File "/home/lanyuqing/miniconda3/envs/py310/lib/python3.10/site-packages/torch/nn/modules/module.py", line 1736, in _wrapped_call_impl
[rank0]:     return self._call_impl(*args, **kwargs)
[rank0]:   File "/home/lanyuqing/miniconda3/envs/py310/lib/python3.10/site-packages/torch/nn/modules/module.py", line 1747, in _call_impl
[rank0]:     return forward_call(*args, **kwargs)
[rank0]:   File "/home/lanyuqing/myproject/vggt/vggt/heads/cubify_head.py", line 719, in forward
[rank0]:     return self.inference(batched_inputs, aggregated_tokens_list, patch_start_idx, intrinsic=intrinsic, extrinsic=extrinsic, gravity=gravity)
[rank0]:   File "/home/lanyuqing/myproject/vggt/vggt/heads/cubify_head.py", line 638, in inference
[rank0]:     flattened = self._flatten(srcs, pos_embeds, masks)
[rank0]:   File "/home/lanyuqing/myproject/vggt/vggt/heads/cubify_head.py", line 541, in _flatten
[rank0]:     spatial_shapes = torch.as_tensor(spatial_shapes, dtype=torch.long, device=src.device)
[rank0]: KeyboardInterrupt
[rank0]:[W1022 21:50:57.235025378 ProcessGroupNCCL.cpp:1250] Warning: WARNING: process group has NOT been destroyed before we destruct ProcessGroupNCCL. On normal program exit, the application should call destroy_process_group to ensure that any pending NCCL operations have finished in this process. In rare cases this process can exit before this point and block the progress of another member of the process group. This constraint has always been present,  but this warning has only been added since PyTorch 2.4 (function operator())
Traceback (most recent call last):
  File "/home/lanyuqing/miniconda3/envs/py310/bin/torchrun", line 8, in <module>
    sys.exit(main())
  File "/home/lanyuqing/miniconda3/envs/py310/lib/python3.10/site-packages/torch/distributed/elastic/multiprocessing/errors/__init__.py", line 355, in wrapper
    return f(*args, **kwargs)
  File "/home/lanyuqing/miniconda3/envs/py310/lib/python3.10/site-packages/torch/distributed/run.py", line 919, in main
    run(args)
  File "/home/lanyuqing/miniconda3/envs/py310/lib/python3.10/site-packages/torch/distributed/run.py", line 910, in run
    elastic_launch(
  File "/home/lanyuqing/miniconda3/envs/py310/lib/python3.10/site-packages/torch/distributed/launcher/api.py", line 138, in __call__
    return launch_agent(self._config, self._entrypoint, list(args))
  File "/home/lanyuqing/miniconda3/envs/py310/lib/python3.10/site-packages/torch/distributed/launcher/api.py", line 260, in launch_agent
    result = agent.run()
  File "/home/lanyuqing/miniconda3/envs/py310/lib/python3.10/site-packages/torch/distributed/elastic/metrics/api.py", line 137, in wrapper
    result = f(*args, **kwargs)
  File "/home/lanyuqing/miniconda3/envs/py310/lib/python3.10/site-packages/torch/distributed/elastic/agent/server/api.py", line 696, in run
    result = self._invoke_run(role)
  File "/home/lanyuqing/miniconda3/envs/py310/lib/python3.10/site-packages/torch/distributed/elastic/agent/server/api.py", line 855, in _invoke_run
    time.sleep(monitor_interval)
  File "/home/lanyuqing/miniconda3/envs/py310/lib/python3.10/site-packages/torch/distributed/elastic/multiprocessing/api.py", line 84, in _terminate_process_handler
    raise SignalException(f"Process {os.getpid()} got signal: {sigval}", sigval=sigval)
torch.distributed.elastic.multiprocessing.api.SignalException: Process 16074 got signal: 2
